<?xml version="1.0" encoding="UTF-8"?>
<testsuite xmlns:xsi="http://www.w3.org/2001/XMLSchema-instance" xsi:noNamespaceSchemaLocation="https://maven.apache.org/surefire/maven-surefire-plugin/xsd/surefire-test-report-3.0.xsd" version="3.0" name="com.myapp.runners.TestRunner" time="0.001" tests="1" errors="1" skipped="0" failures="0">
  <properties>
[...]
</properties>
  <testcase name="initializationError" classname="com.myapp.runners.TestRunner" time="0.001">
    <error message="The plugin specification &apos;xml:target/cucumber.xml&apos; has a problem:&#10;&#10;Could not load plugin class &apos;xml&apos;.&#10;&#10;Plugin specifications should have the format of PLUGIN[:[PATH|[URI [OPTIONS]]]&#10;&#10;Valid values for PLUGIN are: default_summary, html, json, junit, message, null_summary, pretty, progress, rerun, summary, teamcity, testng, timeline, unused, usage&#10;&#10;PLUGIN can also be a fully qualified class name, allowing registration of 3rd party plugins. The 3rd party plugin must implement io.cucumber.plugin.Plugin" type="java.lang.IllegalArgumentException"><![CDATA[java.lang.IllegalArgumentException: 
The plugin specification 'xml:target/cucumber.xml' has a problem:

Could not load plugin class 'xml'.

Plugin specifications should have the format of PLUGIN[:[PATH|[URI [OPTIONS]]]

Valid values for PLUGIN are: default_summary, html, json, junit, message, null_summary, pretty, progress, rerun, summary, teamcity, testng, timeline, unused, usage

PLUGIN can also be a fully qualified class name, allowing registration of 3rd party plugins. The 3rd party plugin must implement io.cucumber.plugin.Plugin
Caused by: java.lang.ClassNotFoundException: xml
]]></error>
  </testcase>
</testsuite>